Using pre-set license
Built from '2020.2/release' branch; Version is '2020.2.2f1 (068178b99f32) revision 426360'; Using compiler version '192528614'; Build Type 'Release'
OS: 'Windows 10 Home; OS build 19042.867; Version 2009; 64bit' Language: 'en' Physical Memory: 32655 MB
BatchMode: 1, IsHumanControllingUs: 0, StartBugReporterOnCrash: 0, Is64bit: 1, IsPro: 0

 COMMAND LINE ARGUMENTS:
D:\Unity Hub\2020.2.2f1\Editor\Unity.exe
-adb2
-batchMode
-noUpm
-name
AssetImportWorker0
-projectPath
D:/GitHub Stuff/KillerWave/KillerWave
-logFile
Logs/AssetImportWorker0.log
-srvPort
53561
Successfully changed project path to: D:/GitHub Stuff/KillerWave/KillerWave
D:/GitHub Stuff/KillerWave/KillerWave
Using Asset Import Pipeline V2.
Refreshing native plugins compatible for Editor in 17.00 ms, found 0 plugins.
Preloading 0 native plugins for Editor in 0.00 ms.
Initialize engine version: 2020.2.2f1 (068178b99f32)
[Subsystems] Discovering subsystems at path D:/Unity Hub/2020.2.2f1/Editor/Data/Resources/UnitySubsystems
[Subsystems] Discovering subsystems at path D:/GitHub Stuff/KillerWave/KillerWave/Assets
GfxDevice: creating device client; threaded=0
Direct3D:
    Version:  Direct3D 11.0 [level 11.1]
    Renderer: NVIDIA GeForce RTX 3090 (ID=0x2204)
    Vendor:   
    VRAM:     24348 MB
    Driver:   27.21.14.6089
Initialize mono
Mono path[0] = 'D:/Unity Hub/2020.2.2f1/Editor/Data/Managed'
Mono path[1] = 'D:/Unity Hub/2020.2.2f1/Editor/Data/MonoBleedingEdge/lib/mono/unityjit'
Mono config path = 'D:/Unity Hub/2020.2.2f1/Editor/Data/MonoBleedingEdge/etc'
Using monoOptions --debugger-agent=transport=dt_socket,embedding=1,server=y,suspend=n,address=127.0.0.1:56028
Begin MonoManager ReloadAssembly
Registering precompiled unity dll's ...
Register platform support module: D:/Unity Hub/2020.2.2f1/Editor/Data/PlaybackEngines/WebGLSupport/UnityEditor.WebGL.Extensions.dll
Register platform support module: D:/Unity Hub/2020.2.2f1/Editor/Data/PlaybackEngines/WindowsStandaloneSupport/UnityEditor.WindowsStandalone.Extensions.dll
Registered in 0.000754 seconds.
Native extension for WindowsStandalone target not found
Native extension for WebGL target not found
Refreshing native plugins compatible for Editor in 16.74 ms, found 0 plugins.
Preloading 0 native plugins for Editor in 0.00 ms.
Invoked RoslynAnalysisRunner static constructor.
RoslynAnalysisRunner will not be running.
RoslynAnalysisRunner has terminated.
Mono: successfully reloaded assembly
- Completed reload, in  0.650 seconds
Platform modules already initialized, skipping
Registering precompiled user dll's ...
Registered in 0.000303 seconds.
Begin MonoManager ReloadAssembly
Native extension for WindowsStandalone target not found
Native extension for WebGL target not found
Refreshing native plugins compatible for Editor in 0.15 ms, found 0 plugins.
Preloading 0 native plugins for Editor in 0.00 ms.
Invoked RoslynAnalysisRunner static constructor.
RoslynAnalysisRunner will not be running.
RoslynAnalysisRunner has terminated.
Mono: successfully reloaded assembly
- Completed reload, in  0.563 seconds
Platform modules already initialized, skipping
========================================================================
Worker process is ready to serve import requests
Launched and connected shader compiler UnityShaderCompiler.exe after 0.03 seconds
Refreshing native plugins compatible for Editor in 0.15 ms, found 0 plugins.
Preloading 0 native plugins for Editor in 0.00 ms.
Unloading 1108 Unused Serialized files (Serialized files now loaded: 0)
System memory in use before: 56.9 MB.
System memory in use after: 56.9 MB.

Unloading 10 unused Assets to reduce memory usage. Loaded Objects now: 1550.
Total: 1.252000 ms (FindLiveObjects: 0.126100 ms CreateObjectMapping: 0.043300 ms MarkObjects: 1.030100 ms  DeleteObjects: 0.052000 ms)

========================================================================
Received Import Request.
  path: Assets/Resources/Script/Enemywave.cs
  artifactKey: Guid(070d545a320df19479fa90ff1bf361f1) Importer(815301076,1909f56bfc062723c751e8b465ee728b)
Start importing Assets/Resources/Script/Enemywave.cs using Guid(070d545a320df19479fa90ff1bf361f1) Importer(815301076,1909f56bfc062723c751e8b465ee728b)  -> (artifact id: '2e7df6c234be1164d4ef8e16329c55ee') in 0.021070 seconds
  Import took 0.028524 seconds .

========================================================================
Received Prepare
Registering precompiled user dll's ...
Registered in 0.000272 seconds.
Begin MonoManager ReloadAssembly
Native extension for WindowsStandalone target not found
Native extension for WebGL target not found
Refreshing native plugins compatible for Editor in 0.16 ms, found 0 plugins.
Preloading 0 native plugins for Editor in 0.00 ms.
Invoked RoslynAnalysisRunner static constructor.
RoslynAnalysisRunner will not be running.
RoslynAnalysisRunner has terminated.
Mono: successfully reloaded assembly
- Completed reload, in  0.529 seconds
Platform modules already initialized, skipping
Refreshing native plugins compatible for Editor in 0.13 ms, found 0 plugins.
Preloading 0 native plugins for Editor in 0.00 ms.
Unloading 1103 Unused Serialized files (Serialized files now loaded: 0)
System memory in use before: 57.0 MB.
System memory in use after: 57.0 MB.

Unloading 5 unused Assets to reduce memory usage. Loaded Objects now: 1552.
Total: 1.247700 ms (FindLiveObjects: 0.095000 ms CreateObjectMapping: 0.031300 ms MarkObjects: 1.083000 ms  DeleteObjects: 0.037400 ms)

========================================================================
Received Import Request.
  Time since last request: 6.950513 seconds.
  path: Assets/Resources/Script/EnemyWave.cs
  artifactKey: Guid(070d545a320df19479fa90ff1bf361f1) Importer(815301076,1909f56bfc062723c751e8b465ee728b)
Start importing Assets/Resources/Script/EnemyWave.cs using Guid(070d545a320df19479fa90ff1bf361f1) Importer(815301076,1909f56bfc062723c751e8b465ee728b)  -> (artifact id: 'f1e8a879a745c1cc06d9ad5b0ef9b069') in 0.005130 seconds
  Import took 0.006487 seconds .

========================================================================
Received Import Request.
  Time since last request: 0.000664 seconds.
  path: Assets/Resources/Script/EnemyWave.cs
  artifactKey: Guid(070d545a320df19479fa90ff1bf361f1) Importer(815301076,1909f56bfc062723c751e8b465ee728b)
Start importing Assets/Resources/Script/EnemyWave.cs using Guid(070d545a320df19479fa90ff1bf361f1) Importer(815301076,1909f56bfc062723c751e8b465ee728b)  -> (artifact id: 'f1e8a879a745c1cc06d9ad5b0ef9b069') in 0.001076 seconds
  Import took 0.002343 seconds .

========================================================================
Received Prepare
Registering precompiled user dll's ...
Registered in 0.000290 seconds.
Begin MonoManager ReloadAssembly
Native extension for WindowsStandalone target not found
Native extension for WebGL target not found
Refreshing native plugins compatible for Editor in 0.16 ms, found 0 plugins.
Preloading 0 native plugins for Editor in 0.00 ms.
Invoked RoslynAnalysisRunner static constructor.
RoslynAnalysisRunner will not be running.
RoslynAnalysisRunner has terminated.
Mono: successfully reloaded assembly
- Completed reload, in  0.540 seconds
Platform modules already initialized, skipping
Refreshing native plugins compatible for Editor in 0.12 ms, found 0 plugins.
Preloading 0 native plugins for Editor in 0.00 ms.
Unloading 1103 Unused Serialized files (Serialized files now loaded: 0)
System memory in use before: 57.2 MB.
System memory in use after: 57.2 MB.

Unloading 5 unused Assets to reduce memory usage. Loaded Objects now: 1554.
Total: 1.199800 ms (FindLiveObjects: 0.082600 ms CreateObjectMapping: 0.022500 ms MarkObjects: 1.065000 ms  DeleteObjects: 0.029100 ms)

========================================================================
Received Import Request.
  Time since last request: 229.390422 seconds.
  path: Assets/Resources/Script/EnemyWave.cs
  artifactKey: Guid(070d545a320df19479fa90ff1bf361f1) Importer(815301076,1909f56bfc062723c751e8b465ee728b)
Start importing Assets/Resources/Script/EnemyWave.cs using Guid(070d545a320df19479fa90ff1bf361f1) Importer(815301076,1909f56bfc062723c751e8b465ee728b)  -> (artifact id: 'c0a9eb344fa99627c68d6c9e37c60498') in 0.003367 seconds
  Import took 0.004936 seconds .

========================================================================
Received Import Request.
  Time since last request: 297.387738 seconds.
  path: Assets/Resources/Script/Player.cs
  artifactKey: Guid(1dc58252ccbadcc40b2d70a3f75943da) Importer(815301076,1909f56bfc062723c751e8b465ee728b)
Start importing Assets/Resources/Script/Player.cs using Guid(1dc58252ccbadcc40b2d70a3f75943da) Importer(815301076,1909f56bfc062723c751e8b465ee728b)  -> (artifact id: '3b0649aaa56e86ab552deb53bc109828') in 0.003903 seconds
  Import took 0.005200 seconds .

========================================================================
Received Import Request.
  Time since last request: 0.000889 seconds.
  path: Assets/Resources/Script/Player.cs
  artifactKey: Guid(1dc58252ccbadcc40b2d70a3f75943da) Importer(815301076,1909f56bfc062723c751e8b465ee728b)
Start importing Assets/Resources/Script/Player.cs using Guid(1dc58252ccbadcc40b2d70a3f75943da) Importer(815301076,1909f56bfc062723c751e8b465ee728b)  -> (artifact id: '3b0649aaa56e86ab552deb53bc109828') in 0.001097 seconds
  Import took 0.002189 seconds .

========================================================================
Received Import Request.
  Time since last request: 73.776182 seconds.
  path: Assets/Resources/Script/EnemyWave.cs
  artifactKey: Guid(070d545a320df19479fa90ff1bf361f1) Importer(815301076,1909f56bfc062723c751e8b465ee728b)
Start importing Assets/Resources/Script/EnemyWave.cs using Guid(070d545a320df19479fa90ff1bf361f1) Importer(815301076,1909f56bfc062723c751e8b465ee728b)  -> (artifact id: '3ff1fc98fa2ef262ab7b2f63a0f33f3e') in 0.001342 seconds
  Import took 0.002610 seconds .

========================================================================
Received Import Request.
  Time since last request: 0.000385 seconds.
  path: Assets/Resources/Script/EnemyWave.cs
  artifactKey: Guid(070d545a320df19479fa90ff1bf361f1) Importer(815301076,1909f56bfc062723c751e8b465ee728b)
Start importing Assets/Resources/Script/EnemyWave.cs using Guid(070d545a320df19479fa90ff1bf361f1) Importer(815301076,1909f56bfc062723c751e8b465ee728b)  -> (artifact id: '3ff1fc98fa2ef262ab7b2f63a0f33f3e') in 0.001130 seconds
  Import took 0.002199 seconds .

========================================================================
Received Import Request.
  Time since last request: 310.566702 seconds.
  path: Assets/Resources/Script/EnemyWave.cs
  artifactKey: Guid(070d545a320df19479fa90ff1bf361f1) Importer(815301076,1909f56bfc062723c751e8b465ee728b)
Start importing Assets/Resources/Script/EnemyWave.cs using Guid(070d545a320df19479fa90ff1bf361f1) Importer(815301076,1909f56bfc062723c751e8b465ee728b)  -> (artifact id: '4089ae803a8669592da96c04b4c17553') in 0.001232 seconds
  Import took 0.002739 seconds .

========================================================================
Received Import Request.
  Time since last request: 0.000858 seconds.
  path: Assets/Resources/Script/EnemyWave.cs
  artifactKey: Guid(070d545a320df19479fa90ff1bf361f1) Importer(815301076,1909f56bfc062723c751e8b465ee728b)
Start importing Assets/Resources/Script/EnemyWave.cs using Guid(070d545a320df19479fa90ff1bf361f1) Importer(815301076,1909f56bfc062723c751e8b465ee728b)  -> (artifact id: '4089ae803a8669592da96c04b4c17553') in 0.001182 seconds
  Import took 0.002404 seconds .

========================================================================
Received Prepare
Registering precompiled user dll's ...
Registered in 0.000276 seconds.
Begin MonoManager ReloadAssembly
Native extension for WindowsStandalone target not found
Native extension for WebGL target not found
Refreshing native plugins compatible for Editor in 0.16 ms, found 0 plugins.
Preloading 0 native plugins for Editor in 0.00 ms.
Invoked RoslynAnalysisRunner static constructor.
RoslynAnalysisRunner will not be running.
RoslynAnalysisRunner has terminated.
Mono: successfully reloaded assembly
- Completed reload, in  0.528 seconds
Platform modules already initialized, skipping
Refreshing native plugins compatible for Editor in 0.16 ms, found 0 plugins.
Preloading 0 native plugins for Editor in 0.00 ms.
Unloading 1103 Unused Serialized files (Serialized files now loaded: 0)
System memory in use before: 57.3 MB.
System memory in use after: 57.4 MB.

Unloading 5 unused Assets to reduce memory usage. Loaded Objects now: 1556.
Total: 1.119900 ms (FindLiveObjects: 0.101200 ms CreateObjectMapping: 0.028200 ms MarkObjects: 0.954400 ms  DeleteObjects: 0.035500 ms)

========================================================================
Received Import Request.
  Time since last request: 317.684082 seconds.
  path: Assets/Resources/Script/EnemyWave.cs
  artifactKey: Guid(070d545a320df19479fa90ff1bf361f1) Importer(815301076,1909f56bfc062723c751e8b465ee728b)
Start importing Assets/Resources/Script/EnemyWave.cs using Guid(070d545a320df19479fa90ff1bf361f1) Importer(815301076,1909f56bfc062723c751e8b465ee728b)  -> (artifact id: 'e61119a2a2c8c39233fd310c07de6283') in 0.004479 seconds
  Import took 0.005684 seconds .

========================================================================
Received Import Request.
  Time since last request: 86.560977 seconds.
  path: Assets/Resources/Prefab/Player/player_ship.prefab
  artifactKey: Guid(5923e046959352842a163081bd8c8d51) Importer(815301076,1909f56bfc062723c751e8b465ee728b)
Start importing Assets/Resources/Prefab/Player/player_ship.prefab using Guid(5923e046959352842a163081bd8c8d51) Importer(815301076,1909f56bfc062723c751e8b465ee728b)  -> (artifact id: 'f080f4b3b014994c8531312d82a04da2') in 0.060444 seconds
  Import took 0.062071 seconds .

========================================================================
Received Import Request.
  Time since last request: 407.505997 seconds.
  path: Assets/Resources/Prefab/Player/player_bullet.prefab
  artifactKey: Guid(1406ad0e17b76e546b75b9a3d0943305) Importer(815301076,1909f56bfc062723c751e8b465ee728b)
Start importing Assets/Resources/Prefab/Player/player_bullet.prefab using Guid(1406ad0e17b76e546b75b9a3d0943305) Importer(815301076,1909f56bfc062723c751e8b465ee728b)  -> (artifact id: '1af6de579dd1ed4fae2d052d3000e922') in 0.019152 seconds
  Import took 0.020768 seconds .

========================================================================
Received Prepare
Registering precompiled user dll's ...
Registered in 0.000360 seconds.
Begin MonoManager ReloadAssembly
Native extension for WindowsStandalone target not found
Native extension for WebGL target not found
Refreshing native plugins compatible for Editor in 0.17 ms, found 0 plugins.
Preloading 0 native plugins for Editor in 0.00 ms.
Invoked RoslynAnalysisRunner static constructor.
RoslynAnalysisRunner will not be running.
RoslynAnalysisRunner has terminated.
Mono: successfully reloaded assembly
- Completed reload, in  0.526 seconds
Platform modules already initialized, skipping
Refreshing native plugins compatible for Editor in 0.15 ms, found 0 plugins.
Preloading 0 native plugins for Editor in 0.00 ms.
Unloading 1103 Unused Serialized files (Serialized files now loaded: 0)
System memory in use before: 60.6 MB.
System memory in use after: 60.7 MB.

Unloading 6 unused Assets to reduce memory usage. Loaded Objects now: 1566.
Total: 1.234200 ms (FindLiveObjects: 0.153600 ms CreateObjectMapping: 0.038700 ms MarkObjects: 0.999200 ms  DeleteObjects: 0.041300 ms)

========================================================================
Received Prepare
Registering precompiled user dll's ...
Registered in 0.000341 seconds.
Begin MonoManager ReloadAssembly
Native extension for WindowsStandalone target not found
Native extension for WebGL target not found
Refreshing native plugins compatible for Editor in 0.16 ms, found 0 plugins.
Preloading 0 native plugins for Editor in 0.00 ms.
Invoked RoslynAnalysisRunner static constructor.
RoslynAnalysisRunner will not be running.
RoslynAnalysisRunner has terminated.
Mono: successfully reloaded assembly
- Completed reload, in  0.525 seconds
Platform modules already initialized, skipping
Refreshing native plugins compatible for Editor in 0.16 ms, found 0 plugins.
Preloading 0 native plugins for Editor in 0.00 ms.
Unloading 1103 Unused Serialized files (Serialized files now loaded: 0)
System memory in use before: 60.8 MB.
System memory in use after: 60.8 MB.

Unloading 5 unused Assets to reduce memory usage. Loaded Objects now: 1568.
Total: 1.193800 ms (FindLiveObjects: 0.105300 ms CreateObjectMapping: 0.030500 ms MarkObjects: 1.021200 ms  DeleteObjects: 0.035800 ms)

========================================================================
Received Import Request.
  Time since last request: 907.114670 seconds.
  path: Assets/Resources/Script/NewBehaviourScript.cs
  artifactKey: Guid(9ab91b4e584fadc4b8935865368c1bf3) Importer(815301076,1909f56bfc062723c751e8b465ee728b)
Start importing Assets/Resources/Script/NewBehaviourScript.cs using Guid(9ab91b4e584fadc4b8935865368c1bf3) Importer(815301076,1909f56bfc062723c751e8b465ee728b)  -> (artifact id: 'c74ec6ffe85f96b70d857f5fadf699b0') in 0.005463 seconds
  Import took 0.007043 seconds .

========================================================================
Received Prepare
Registering precompiled user dll's ...
Registered in 0.000348 seconds.
Begin MonoManager ReloadAssembly
Native extension for WindowsStandalone target not found
Native extension for WebGL target not found
Refreshing native plugins compatible for Editor in 0.16 ms, found 0 plugins.
Preloading 0 native plugins for Editor in 0.00 ms.
Invoked RoslynAnalysisRunner static constructor.
RoslynAnalysisRunner will not be running.
RoslynAnalysisRunner has terminated.
Mono: successfully reloaded assembly
- Completed reload, in  0.524 seconds
Platform modules already initialized, skipping
Refreshing native plugins compatible for Editor in 0.14 ms, found 0 plugins.
Preloading 0 native plugins for Editor in 0.00 ms.
Unloading 1103 Unused Serialized files (Serialized files now loaded: 0)
System memory in use before: 60.9 MB.
System memory in use after: 61.0 MB.

Unloading 5 unused Assets to reduce memory usage. Loaded Objects now: 1570.
Total: 1.125900 ms (FindLiveObjects: 0.095900 ms CreateObjectMapping: 0.024100 ms MarkObjects: 0.966800 ms  DeleteObjects: 0.038300 ms)

========================================================================
Received Import Request.
  Time since last request: 10.741214 seconds.
  path: Assets/Resources/Script/GameManager.cs
  artifactKey: Guid(8e8245620d7087243b223448d1d0b2c9) Importer(815301076,1909f56bfc062723c751e8b465ee728b)
Start importing Assets/Resources/Script/GameManager.cs using Guid(8e8245620d7087243b223448d1d0b2c9) Importer(815301076,1909f56bfc062723c751e8b465ee728b)  -> (artifact id: '072789ab2d63c3b0509a8f3a760969d5') in 0.005218 seconds
  Import took 0.006583 seconds .

========================================================================
Received Import Request.
  Time since last request: 0.019205 seconds.
  path: Assets/Resources/Script/GameManager.cs
  artifactKey: Guid(8e8245620d7087243b223448d1d0b2c9) Importer(815301076,1909f56bfc062723c751e8b465ee728b)
Start importing Assets/Resources/Script/GameManager.cs using Guid(8e8245620d7087243b223448d1d0b2c9) Importer(815301076,1909f56bfc062723c751e8b465ee728b)  -> (artifact id: '072789ab2d63c3b0509a8f3a760969d5') in 0.001159 seconds
  Import took 0.002458 seconds .

========================================================================
Received Prepare
Registering precompiled user dll's ...
Registered in 0.000349 seconds.
Begin MonoManager ReloadAssembly
Native extension for WindowsStandalone target not found
Native extension for WebGL target not found
Refreshing native plugins compatible for Editor in 0.16 ms, found 0 plugins.
Preloading 0 native plugins for Editor in 0.00 ms.
Invoked RoslynAnalysisRunner static constructor.
RoslynAnalysisRunner will not be running.
RoslynAnalysisRunner has terminated.
Mono: successfully reloaded assembly
- Completed reload, in  0.545 seconds
Platform modules already initialized, skipping
Refreshing native plugins compatible for Editor in 0.14 ms, found 0 plugins.
Preloading 0 native plugins for Editor in 0.00 ms.
Unloading 1103 Unused Serialized files (Serialized files now loaded: 0)
System memory in use before: 61.0 MB.
System memory in use after: 61.0 MB.

Unloading 5 unused Assets to reduce memory usage. Loaded Objects now: 1572.
Total: 1.176700 ms (FindLiveObjects: 0.120900 ms CreateObjectMapping: 0.032800 ms MarkObjects: 0.987000 ms  DeleteObjects: 0.035300 ms)

========================================================================
Received Import Request.
  Time since last request: 369.884542 seconds.
  path: Assets/Resources/Script/GameManager.cs
  artifactKey: Guid(8e8245620d7087243b223448d1d0b2c9) Importer(815301076,1909f56bfc062723c751e8b465ee728b)
Start importing Assets/Resources/Script/GameManager.cs using Guid(8e8245620d7087243b223448d1d0b2c9) Importer(815301076,1909f56bfc062723c751e8b465ee728b)  -> (artifact id: '46f5d7d98280470b3eb44c371bb4771f') in 0.002502 seconds
  Import took 0.015396 seconds .

========================================================================
Received Import Request.
  Time since last request: 9.815008 seconds.
  path: Assets/Resources/Script/ScenesManager.cs
  artifactKey: Guid(b77cbc9bd8fa1fd41bbb440c8028e5f8) Importer(815301076,1909f56bfc062723c751e8b465ee728b)
Start importing Assets/Resources/Script/ScenesManager.cs using Guid(b77cbc9bd8fa1fd41bbb440c8028e5f8) Importer(815301076,1909f56bfc062723c751e8b465ee728b)  -> (artifact id: 'eea16ff27e6d0f7fc4e316c88da6d83c') in 0.003800 seconds
  Import took 0.005200 seconds .

========================================================================
Received Prepare
Registering precompiled user dll's ...
Registered in 0.000280 seconds.
Begin MonoManager ReloadAssembly
Native extension for WindowsStandalone target not found
Native extension for WebGL target not found
Refreshing native plugins compatible for Editor in 0.16 ms, found 0 plugins.
Preloading 0 native plugins for Editor in 0.00 ms.
Invoked RoslynAnalysisRunner static constructor.
RoslynAnalysisRunner will not be running.
RoslynAnalysisRunner has terminated.
Mono: successfully reloaded assembly
- Completed reload, in  0.535 seconds
Platform modules already initialized, skipping
Refreshing native plugins compatible for Editor in 0.16 ms, found 0 plugins.
Preloading 0 native plugins for Editor in 0.00 ms.
Unloading 1104 Unused Serialized files (Serialized files now loaded: 0)
System memory in use before: 61.2 MB.
System memory in use after: 61.3 MB.

Unloading 5 unused Assets to reduce memory usage. Loaded Objects now: 1575.
Total: 1.357800 ms (FindLiveObjects: 0.102700 ms CreateObjectMapping: 0.027000 ms MarkObjects: 1.188800 ms  DeleteObjects: 0.038700 ms)

========================================================================
Received Prepare
Registering precompiled user dll's ...
Registered in 0.000289 seconds.
Begin MonoManager ReloadAssembly
Native extension for WindowsStandalone target not found
Native extension for WebGL target not found
Refreshing native plugins compatible for Editor in 0.17 ms, found 0 plugins.
Preloading 0 native plugins for Editor in 0.00 ms.
Invoked RoslynAnalysisRunner static constructor.
RoslynAnalysisRunner will not be running.
RoslynAnalysisRunner has terminated.
Mono: successfully reloaded assembly
- Completed reload, in  0.531 seconds
Platform modules already initialized, skipping
Refreshing native plugins compatible for Editor in 0.15 ms, found 0 plugins.
Preloading 0 native plugins for Editor in 0.00 ms.
Unloading 1104 Unused Serialized files (Serialized files now loaded: 0)
System memory in use before: 61.3 MB.
System memory in use after: 61.4 MB.

Unloading 5 unused Assets to reduce memory usage. Loaded Objects now: 1577.
Total: 1.294100 ms (FindLiveObjects: 0.104400 ms CreateObjectMapping: 0.028400 ms MarkObjects: 1.126500 ms  DeleteObjects: 0.034100 ms)

========================================================================
Received Import Request.
  Time since last request: 1058.701108 seconds.
  path: Assets/Scene
  artifactKey: Guid(6d25ef2a304fdac41b3cf86915439d2b) Importer(815301076,1909f56bfc062723c751e8b465ee728b)
Start importing Assets/Scene using Guid(6d25ef2a304fdac41b3cf86915439d2b) Importer(815301076,1909f56bfc062723c751e8b465ee728b)  -> (artifact id: '29d2634aadf57d660dd7a567c0faa3eb') in 0.005128 seconds
  Import took 0.006534 seconds .

========================================================================
Received Import Request.
  Time since last request: 11.301732 seconds.
  path: Assets/Scene/bootUp.unity
  artifactKey: Guid(96de283940d3202429c0f5811326cb1b) Importer(815301076,1909f56bfc062723c751e8b465ee728b)
Start importing Assets/Scene/bootUp.unity using Guid(96de283940d3202429c0f5811326cb1b) Importer(815301076,1909f56bfc062723c751e8b465ee728b)  -> (artifact id: 'db19b8c9fccd405133b841a4af00314a') in 0.008596 seconds
  Import took 0.009935 seconds .

========================================================================
Received Import Request.
  Time since last request: 10.741981 seconds.
  path: Assets/Scene/shop.unity
  artifactKey: Guid(23ba7cd57bb4a0f4caf0a2c1a60220db) Importer(815301076,1909f56bfc062723c751e8b465ee728b)
Start importing Assets/Scene/shop.unity using Guid(23ba7cd57bb4a0f4caf0a2c1a60220db) Importer(815301076,1909f56bfc062723c751e8b465ee728b)  -> (artifact id: '32172b5bd0f116df51dbaa402026296a') in 0.004030 seconds
  Import took 0.005429 seconds .

========================================================================
Received Import Request.
  Time since last request: 12.380259 seconds.
  path: Assets/Scene/level1.unity
  artifactKey: Guid(dc786c1caa8496949b722a06924cadb8) Importer(815301076,1909f56bfc062723c751e8b465ee728b)
Start importing Assets/Scene/level1.unity using Guid(dc786c1caa8496949b722a06924cadb8) Importer(815301076,1909f56bfc062723c751e8b465ee728b)  -> (artifact id: 'db166bbf6deabe058b579cf879ebe1d4') in 0.004028 seconds
  Import took 0.005380 seconds .

========================================================================
Received Import Request.
  Time since last request: 0.001068 seconds.
  path: Assets/Scene/level1.unity
  artifactKey: Guid(dc786c1caa8496949b722a06924cadb8) Importer(815301076,1909f56bfc062723c751e8b465ee728b)
Start importing Assets/Scene/level1.unity using Guid(dc786c1caa8496949b722a06924cadb8) Importer(815301076,1909f56bfc062723c751e8b465ee728b)  -> (artifact id: 'db166bbf6deabe058b579cf879ebe1d4') in 0.001273 seconds
  Import took 0.002479 seconds .

========================================================================
Received Import Request.
  Time since last request: 6.238917 seconds.
  path: Assets/Scene/level2.unity
  artifactKey: Guid(2494a5958fa50db4e89f9bf5092790ce) Importer(815301076,1909f56bfc062723c751e8b465ee728b)
Start importing Assets/Scene/level2.unity using Guid(2494a5958fa50db4e89f9bf5092790ce) Importer(815301076,1909f56bfc062723c751e8b465ee728b)  -> (artifact id: 'e25e88fcb73552565ab3e4e14140a297') in 0.003976 seconds
  Import took 0.005334 seconds .

========================================================================
Received Import Request.
  Time since last request: 6.515602 seconds.
  path: Assets/Scene/level3.unity
  artifactKey: Guid(de1e5221c063b254eb22d06044d7efc8) Importer(815301076,1909f56bfc062723c751e8b465ee728b)
Start importing Assets/Scene/level3.unity using Guid(de1e5221c063b254eb22d06044d7efc8) Importer(815301076,1909f56bfc062723c751e8b465ee728b)  -> (artifact id: '2bd7a8d94b5281f0e17c5c82b40ec72f') in 0.004063 seconds
  Import took 0.026464 seconds .

========================================================================
Received Import Request.
  Time since last request: 78.627813 seconds.
  path: Assets/Scene/gameOver.unity
  artifactKey: Guid(2a2315624d5a0fb44ad5d33f1592d1d7) Importer(815301076,1909f56bfc062723c751e8b465ee728b)
Start importing Assets/Scene/gameOver.unity using Guid(2a2315624d5a0fb44ad5d33f1592d1d7) Importer(815301076,1909f56bfc062723c751e8b465ee728b)  -> (artifact id: '762b987f460a3eae840a4bf1b1f1c019') in 0.003985 seconds
  Import took 0.005446 seconds .

========================================================================
Received Import Request.
  Time since last request: 7.760635 seconds.
  path: Assets/Scene/title.unity
  artifactKey: Guid(d59f69f7b9c2e284bbe9dee075d80e29) Importer(815301076,1909f56bfc062723c751e8b465ee728b)
Start importing Assets/Scene/title.unity using Guid(d59f69f7b9c2e284bbe9dee075d80e29) Importer(815301076,1909f56bfc062723c751e8b465ee728b)  -> (artifact id: 'ac1f2476ec92a783e0f5246c1471989e') in 0.004603 seconds
  Import took 0.005970 seconds .

AssetImportWorkerClient::OnTransportError - code=2 error=End of file
